This is pdfTeX, Version 3.1415926-2.5-1.40.14 (TeX Live 2013/Debian) (format=pdflatex 2015.9.8)  3 MAY 2018 23:16
entering extended mode
 restricted \write18 enabled.
 %&-line parsing enabled.
**arch_search_review.tex
(./arch_search_review.tex
LaTeX2e <2011/06/27>
Babel <3.9h> and hyphenation patterns for 9 languages loaded.
(/usr/share/texlive/texmf-dist/tex/latex/base/article.cls
Document Class: article 2007/10/19 v1.4h Standard LaTeX document class
(/usr/share/texlive/texmf-dist/tex/latex/base/size10.clo
File: size10.clo 2007/10/19 v1.4h Standard LaTeX file (size option)
)
\c@part=\count79
\c@section=\count80
\c@subsection=\count81
\c@subsubsection=\count82
\c@paragraph=\count83
\c@subparagraph=\count84
\c@figure=\count85
\c@table=\count86
\abovecaptionskip=\skip41
\belowcaptionskip=\skip42
\bibindent=\dimen102
)
(/usr/share/texlive/texmf-dist/tex/latex/float/float.sty
Package: float 2001/11/08 v1.3d Float enhancements (AL)
\c@float@type=\count87
\float@exts=\toks14
\float@box=\box26
\@float@everytoks=\toks15
\@floatcapt=\box27
)
(/usr/share/texlive/texmf-dist/tex/latex/base/fontenc.sty
Package: fontenc 2005/09/27 v1.99g Standard LaTeX package

(/usr/share/texlive/texmf-dist/tex/latex/base/t1enc.def
File: t1enc.def 2005/09/27 v1.99g Standard LaTeX file
LaTeX Font Info:    Redeclaring font encoding T1 on input line 43.
))
(/usr/share/texlive/texmf-dist/tex/latex/base/inputenc.sty
Package: inputenc 2008/03/30 v1.1d Input encoding file
\inpenc@prehook=\toks16
\inpenc@posthook=\toks17

(/usr/share/texlive/texmf-dist/tex/latex/base/utf8.def
File: utf8.def 2008/04/05 v1.1m UTF-8 support for inputenc
Now handling font encoding OML ...
... no UTF-8 mapping file for font encoding OML
Now handling font encoding T1 ...
... processing UTF-8 mapping file for font encoding T1

(/usr/share/texlive/texmf-dist/tex/latex/base/t1enc.dfu
File: t1enc.dfu 2008/04/05 v1.1m UTF-8 support for inputenc
   defining Unicode char U+00A1 (decimal 161)
   defining Unicode char U+00A3 (decimal 163)
   defining Unicode char U+00AB (decimal 171)
   defining Unicode char U+00BB (decimal 187)
   defining Unicode char U+00BF (decimal 191)
   defining Unicode char U+00C0 (decimal 192)
   defining Unicode char U+00C1 (decimal 193)
   defining Unicode char U+00C2 (decimal 194)
   defining Unicode char U+00C3 (decimal 195)
   defining Unicode char U+00C4 (decimal 196)
   defining Unicode char U+00C5 (decimal 197)
   defining Unicode char U+00C6 (decimal 198)
   defining Unicode char U+00C7 (decimal 199)
   defining Unicode char U+00C8 (decimal 200)
   defining Unicode char U+00C9 (decimal 201)
   defining Unicode char U+00CA (decimal 202)
   defining Unicode char U+00CB (decimal 203)
   defining Unicode char U+00CC (decimal 204)
   defining Unicode char U+00CD (decimal 205)
   defining Unicode char U+00CE (decimal 206)
   defining Unicode char U+00CF (decimal 207)
   defining Unicode char U+00D0 (decimal 208)
   defining Unicode char U+00D1 (decimal 209)
   defining Unicode char U+00D2 (decimal 210)
   defining Unicode char U+00D3 (decimal 211)
   defining Unicode char U+00D4 (decimal 212)
   defining Unicode char U+00D5 (decimal 213)
   defining Unicode char U+00D6 (decimal 214)
   defining Unicode char U+00D8 (decimal 216)
   defining Unicode char U+00D9 (decimal 217)
   defining Unicode char U+00DA (decimal 218)
   defining Unicode char U+00DB (decimal 219)
   defining Unicode char U+00DC (decimal 220)
   defining Unicode char U+00DD (decimal 221)
   defining Unicode char U+00DE (decimal 222)
   defining Unicode char U+00DF (decimal 223)
   defining Unicode char U+00E0 (decimal 224)
   defining Unicode char U+00E1 (decimal 225)
   defining Unicode char U+00E2 (decimal 226)
   defining Unicode char U+00E3 (decimal 227)
   defining Unicode char U+00E4 (decimal 228)
   defining Unicode char U+00E5 (decimal 229)
   defining Unicode char U+00E6 (decimal 230)
   defining Unicode char U+00E7 (decimal 231)
   defining Unicode char U+00E8 (decimal 232)
   defining Unicode char U+00E9 (decimal 233)
   defining Unicode char U+00EA (decimal 234)
   defining Unicode char U+00EB (decimal 235)
   defining Unicode char U+00EC (decimal 236)
   defining Unicode char U+00ED (decimal 237)
   defining Unicode char U+00EE (decimal 238)
   defining Unicode char U+00EF (decimal 239)
   defining Unicode char U+00F0 (decimal 240)
   defining Unicode char U+00F1 (decimal 241)
   defining Unicode char U+00F2 (decimal 242)
   defining Unicode char U+00F3 (decimal 243)
   defining Unicode char U+00F4 (decimal 244)
   defining Unicode char U+00F5 (decimal 245)
   defining Unicode char U+00F6 (decimal 246)
   defining Unicode char U+00F8 (decimal 248)
   defining Unicode char U+00F9 (decimal 249)
   defining Unicode char U+00FA (decimal 250)
   defining Unicode char U+00FB (decimal 251)
   defining Unicode char U+00FC (decimal 252)
   defining Unicode char U+00FD (decimal 253)
   defining Unicode char U+00FE (decimal 254)
   defining Unicode char U+00FF (decimal 255)
   defining Unicode char U+0102 (decimal 258)
   defining Unicode char U+0103 (decimal 259)
   defining Unicode char U+0104 (decimal 260)
   defining Unicode char U+0105 (decimal 261)
   defining Unicode char U+0106 (decimal 262)
   defining Unicode char U+0107 (decimal 263)
   defining Unicode char U+010C (decimal 268)
   defining Unicode char U+010D (decimal 269)
   defining Unicode char U+010E (decimal 270)
   defining Unicode char U+010F (decimal 271)
   defining Unicode char U+0110 (decimal 272)
   defining Unicode char U+0111 (decimal 273)
   defining Unicode char U+0118 (decimal 280)
   defining Unicode char U+0119 (decimal 281)
   defining Unicode char U+011A (decimal 282)
   defining Unicode char U+011B (decimal 283)
   defining Unicode char U+011E (decimal 286)
   defining Unicode char U+011F (decimal 287)
   defining Unicode char U+0130 (decimal 304)
   defining Unicode char U+0131 (decimal 305)
   defining Unicode char U+0132 (decimal 306)
   defining Unicode char U+0133 (decimal 307)
   defining Unicode char U+0139 (decimal 313)
   defining Unicode char U+013A (decimal 314)
   defining Unicode char U+013D (decimal 317)
   defining Unicode char U+013E (decimal 318)
   defining Unicode char U+0141 (decimal 321)
   defining Unicode char U+0142 (decimal 322)
   defining Unicode char U+0143 (decimal 323)
   defining Unicode char U+0144 (decimal 324)
   defining Unicode char U+0147 (decimal 327)
   defining Unicode char U+0148 (decimal 328)
   defining Unicode char U+014A (decimal 330)
   defining Unicode char U+014B (decimal 331)
   defining Unicode char U+0150 (decimal 336)
   defining Unicode char U+0151 (decimal 337)
   defining Unicode char U+0152 (decimal 338)
   defining Unicode char U+0153 (decimal 339)
   defining Unicode char U+0154 (decimal 340)
   defining Unicode char U+0155 (decimal 341)
   defining Unicode char U+0158 (decimal 344)
   defining Unicode char U+0159 (decimal 345)
   defining Unicode char U+015A (decimal 346)
   defining Unicode char U+015B (decimal 347)
   defining Unicode char U+015E (decimal 350)
   defining Unicode char U+015F (decimal 351)
   defining Unicode char U+0160 (decimal 352)
   defining Unicode char U+0161 (decimal 353)
   defining Unicode char U+0162 (decimal 354)
   defining Unicode char U+0163 (decimal 355)
   defining Unicode char U+0164 (decimal 356)
   defining Unicode char U+0165 (decimal 357)
   defining Unicode char U+016E (decimal 366)
   defining Unicode char U+016F (decimal 367)
   defining Unicode char U+0170 (decimal 368)
   defining Unicode char U+0171 (decimal 369)
   defining Unicode char U+0178 (decimal 376)
   defining Unicode char U+0179 (decimal 377)
   defining Unicode char U+017A (decimal 378)
   defining Unicode char U+017B (decimal 379)
   defining Unicode char U+017C (decimal 380)
   defining Unicode char U+017D (decimal 381)
   defining Unicode char U+017E (decimal 382)
   defining Unicode char U+200C (decimal 8204)
   defining Unicode char U+2013 (decimal 8211)
   defining Unicode char U+2014 (decimal 8212)
   defining Unicode char U+2018 (decimal 8216)
   defining Unicode char U+2019 (decimal 8217)
   defining Unicode char U+201A (decimal 8218)
   defining Unicode char U+201C (decimal 8220)
   defining Unicode char U+201D (decimal 8221)
   defining Unicode char U+201E (decimal 8222)
   defining Unicode char U+2030 (decimal 8240)
   defining Unicode char U+2031 (decimal 8241)
   defining Unicode char U+2039 (decimal 8249)
   defining Unicode char U+203A (decimal 8250)
   defining Unicode char U+2423 (decimal 9251)
)
Now handling font encoding OT1 ...
... processing UTF-8 mapping file for font encoding OT1

(/usr/share/texlive/texmf-dist/tex/latex/base/ot1enc.dfu
File: ot1enc.dfu 2008/04/05 v1.1m UTF-8 support for inputenc
   defining Unicode char U+00A1 (decimal 161)
   defining Unicode char U+00A3 (decimal 163)
   defining Unicode char U+00B8 (decimal 184)
   defining Unicode char U+00BF (decimal 191)
   defining Unicode char U+00C5 (decimal 197)
   defining Unicode char U+00C6 (decimal 198)
   defining Unicode char U+00D8 (decimal 216)
   defining Unicode char U+00DF (decimal 223)
   defining Unicode char U+00E6 (decimal 230)
   defining Unicode char U+00EC (decimal 236)
   defining Unicode char U+00ED (decimal 237)
   defining Unicode char U+00EE (decimal 238)
   defining Unicode char U+00EF (decimal 239)
   defining Unicode char U+00F8 (decimal 248)
   defining Unicode char U+0131 (decimal 305)
   defining Unicode char U+0141 (decimal 321)
   defining Unicode char U+0142 (decimal 322)
   defining Unicode char U+0152 (decimal 338)
   defining Unicode char U+0153 (decimal 339)
   defining Unicode char U+2013 (decimal 8211)
   defining Unicode char U+2014 (decimal 8212)
   defining Unicode char U+2018 (decimal 8216)
   defining Unicode char U+2019 (decimal 8217)
   defining Unicode char U+201C (decimal 8220)
   defining Unicode char U+201D (decimal 8221)
)
Now handling font encoding OMS ...
... processing UTF-8 mapping file for font encoding OMS

(/usr/share/texlive/texmf-dist/tex/latex/base/omsenc.dfu
File: omsenc.dfu 2008/04/05 v1.1m UTF-8 support for inputenc
   defining Unicode char U+00A7 (decimal 167)
   defining Unicode char U+00B6 (decimal 182)
   defining Unicode char U+00B7 (decimal 183)
   defining Unicode char U+2020 (decimal 8224)
   defining Unicode char U+2021 (decimal 8225)
   defining Unicode char U+2022 (decimal 8226)
)
Now handling font encoding OMX ...
... no UTF-8 mapping file for font encoding OMX
Now handling font encoding U ...
... no UTF-8 mapping file for font encoding U
   defining Unicode char U+00A9 (decimal 169)
   defining Unicode char U+00AA (decimal 170)
   defining Unicode char U+00AE (decimal 174)
   defining Unicode char U+00BA (decimal 186)
   defining Unicode char U+02C6 (decimal 710)
   defining Unicode char U+02DC (decimal 732)
   defining Unicode char U+200C (decimal 8204)
   defining Unicode char U+2026 (decimal 8230)
   defining Unicode char U+2122 (decimal 8482)
   defining Unicode char U+2423 (decimal 9251)
))
(/usr/share/texlive/texmf-dist/tex/latex/amsfonts/amsfonts.sty
Package: amsfonts 2013/01/14 v3.01 Basic AMSFonts support
\@emptytoks=\toks18
\symAMSa=\mathgroup4
\symAMSb=\mathgroup5
LaTeX Font Info:    Overwriting math alphabet `\mathfrak' in version `bold'
(Font)                  U/euf/m/n --> U/euf/b/n on input line 106.
)
(/usr/share/texlive/texmf-dist/tex/latex/graphics/color.sty
Package: color 2005/11/14 v1.0j Standard LaTeX Color (DPC)

(/usr/share/texlive/texmf-dist/tex/latex/latexconfig/color.cfg
File: color.cfg 2007/01/18 v1.5 color configuration of teTeX/TeXLive
)
Package color Info: Driver file: pdftex.def on input line 130.

(/usr/share/texlive/texmf-dist/tex/latex/pdftex-def/pdftex.def
File: pdftex.def 2011/05/27 v0.06d Graphics/color for pdfTeX

(/usr/share/texlive/texmf-dist/tex/generic/oberdiek/infwarerr.sty
Package: infwarerr 2010/04/08 v1.3 Providing info/warning/error messages (HO)
)
(/usr/share/texlive/texmf-dist/tex/generic/oberdiek/ltxcmds.sty
Package: ltxcmds 2011/11/09 v1.22 LaTeX kernel commands for general use (HO)
)
\Gread@gobject=\count88
))
(/usr/share/texlive/texmf-dist/tex/latex/amsmath/amsmath.sty
Package: amsmath 2013/01/14 v2.14 AMS math features
\@mathmargin=\skip43

For additional information on amsmath, use the `?' option.
(/usr/share/texlive/texmf-dist/tex/latex/amsmath/amstext.sty
Package: amstext 2000/06/29 v2.01

(/usr/share/texlive/texmf-dist/tex/latex/amsmath/amsgen.sty
File: amsgen.sty 1999/11/30 v2.0
\@emptytoks=\toks19
\ex@=\dimen103
))
(/usr/share/texlive/texmf-dist/tex/latex/amsmath/amsbsy.sty
Package: amsbsy 1999/11/29 v1.2d
\pmbraise@=\dimen104
)
(/usr/share/texlive/texmf-dist/tex/latex/amsmath/amsopn.sty
Package: amsopn 1999/12/14 v2.01 operator names
)
\inf@bad=\count89
LaTeX Info: Redefining \frac on input line 210.
\uproot@=\count90
\leftroot@=\count91
LaTeX Info: Redefining \overline on input line 306.
\classnum@=\count92
\DOTSCASE@=\count93
LaTeX Info: Redefining \ldots on input line 378.
LaTeX Info: Redefining \dots on input line 381.
LaTeX Info: Redefining \cdots on input line 466.
\Mathstrutbox@=\box28
\strutbox@=\box29
\big@size=\dimen105
LaTeX Font Info:    Redeclaring font encoding OML on input line 566.
LaTeX Font Info:    Redeclaring font encoding OMS on input line 567.
\macc@depth=\count94
\c@MaxMatrixCols=\count95
\dotsspace@=\muskip10
\c@parentequation=\count96
\dspbrk@lvl=\count97
\tag@help=\toks20
\row@=\count98
\column@=\count99
\maxfields@=\count100
\andhelp@=\toks21
\eqnshift@=\dimen106
\alignsep@=\dimen107
\tagshift@=\dimen108
\tagwidth@=\dimen109
\totwidth@=\dimen110
\lineht@=\dimen111
\@envbody=\toks22
\multlinegap=\skip44
\multlinetaggap=\skip45
\mathdisplay@stack=\toks23
LaTeX Info: Redefining \[ on input line 2665.
LaTeX Info: Redefining \] on input line 2666.
)
(/usr/share/texlive/texmf-dist/tex/generic/babel/babel.sty
Package: babel 2013/12/03 3.9h The Babel package

(/usr/share/texlive/texmf-dist/tex/generic/babel-russian/russianb.ldf
Language: russian 2013/04/13 1.3a Russian support from the babel system

(/usr/share/texlive/texmf-dist/tex/generic/babel/babel.def
File: babel.def 2013/12/03 3.9h Babel common definitions
\babel@savecnt=\count101
\U@D=\dimen112
)

Package babel Warning: No Cyrillic font encoding has been loaded so far.
(babel)                A font encoding should be declared before babel.
(babel)                Default `T2A' encoding will be loaded  on input line 111
.

(/usr/share/texlive/texmf-dist/tex/latex/cyrillic/t2aenc.def
File: t2aenc.def 2005/09/27 v1.0i Cyrillic encoding definition file
Now handling font encoding T2A ...
... processing UTF-8 mapping file for font encoding T2A

(/usr/share/texlive/texmf-dist/tex/latex/base/t2aenc.dfu
File: t2aenc.dfu 2008/04/05 v1.1m UTF-8 support for inputenc
   defining Unicode char U+00A4 (decimal 164)
   defining Unicode char U+00A7 (decimal 167)
   defining Unicode char U+00AB (decimal 171)
   defining Unicode char U+00BB (decimal 187)
   defining Unicode char U+0131 (decimal 305)
   defining Unicode char U+0400 (decimal 1024)
   defining Unicode char U+0401 (decimal 1025)
   defining Unicode char U+0402 (decimal 1026)
   defining Unicode char U+0403 (decimal 1027)
   defining Unicode char U+0404 (decimal 1028)
   defining Unicode char U+0405 (decimal 1029)
   defining Unicode char U+0406 (decimal 1030)
   defining Unicode char U+0407 (decimal 1031)
   defining Unicode char U+0408 (decimal 1032)
   defining Unicode char U+0409 (decimal 1033)
   defining Unicode char U+040A (decimal 1034)
   defining Unicode char U+040B (decimal 1035)
   defining Unicode char U+040C (decimal 1036)
   defining Unicode char U+040D (decimal 1037)
   defining Unicode char U+040E (decimal 1038)
   defining Unicode char U+040F (decimal 1039)
   defining Unicode char U+0410 (decimal 1040)
   defining Unicode char U+0411 (decimal 1041)
   defining Unicode char U+0412 (decimal 1042)
   defining Unicode char U+0413 (decimal 1043)
   defining Unicode char U+0414 (decimal 1044)
   defining Unicode char U+0415 (decimal 1045)
   defining Unicode char U+0416 (decimal 1046)
   defining Unicode char U+0417 (decimal 1047)
   defining Unicode char U+0418 (decimal 1048)
   defining Unicode char U+0419 (decimal 1049)
   defining Unicode char U+041A (decimal 1050)
   defining Unicode char U+041B (decimal 1051)
   defining Unicode char U+041C (decimal 1052)
   defining Unicode char U+041D (decimal 1053)
   defining Unicode char U+041E (decimal 1054)
   defining Unicode char U+041F (decimal 1055)
   defining Unicode char U+0420 (decimal 1056)
   defining Unicode char U+0421 (decimal 1057)
   defining Unicode char U+0422 (decimal 1058)
   defining Unicode char U+0423 (decimal 1059)
   defining Unicode char U+0424 (decimal 1060)
   defining Unicode char U+0425 (decimal 1061)
   defining Unicode char U+0426 (decimal 1062)
   defining Unicode char U+0427 (decimal 1063)
   defining Unicode char U+0428 (decimal 1064)
   defining Unicode char U+0429 (decimal 1065)
   defining Unicode char U+042A (decimal 1066)
   defining Unicode char U+042B (decimal 1067)
   defining Unicode char U+042C (decimal 1068)
   defining Unicode char U+042D (decimal 1069)
   defining Unicode char U+042E (decimal 1070)
   defining Unicode char U+042F (decimal 1071)
   defining Unicode char U+0430 (decimal 1072)
   defining Unicode char U+0431 (decimal 1073)
   defining Unicode char U+0432 (decimal 1074)
   defining Unicode char U+0433 (decimal 1075)
   defining Unicode char U+0434 (decimal 1076)
   defining Unicode char U+0435 (decimal 1077)
   defining Unicode char U+0436 (decimal 1078)
   defining Unicode char U+0437 (decimal 1079)
   defining Unicode char U+0438 (decimal 1080)
   defining Unicode char U+0439 (decimal 1081)
   defining Unicode char U+043A (decimal 1082)
   defining Unicode char U+043B (decimal 1083)
   defining Unicode char U+043C (decimal 1084)
   defining Unicode char U+043D (decimal 1085)
   defining Unicode char U+043E (decimal 1086)
   defining Unicode char U+043F (decimal 1087)
   defining Unicode char U+0440 (decimal 1088)
   defining Unicode char U+0441 (decimal 1089)
   defining Unicode char U+0442 (decimal 1090)
   defining Unicode char U+0443 (decimal 1091)
   defining Unicode char U+0444 (decimal 1092)
   defining Unicode char U+0445 (decimal 1093)
   defining Unicode char U+0446 (decimal 1094)
   defining Unicode char U+0447 (decimal 1095)
   defining Unicode char U+0448 (decimal 1096)
   defining Unicode char U+0449 (decimal 1097)
   defining Unicode char U+044A (decimal 1098)
   defining Unicode char U+044B (decimal 1099)
   defining Unicode char U+044C (decimal 1100)
   defining Unicode char U+044D (decimal 1101)
   defining Unicode char U+044E (decimal 1102)
   defining Unicode char U+044F (decimal 1103)
   defining Unicode char U+0450 (decimal 1104)
   defining Unicode char U+0451 (decimal 1105)
   defining Unicode char U+0452 (decimal 1106)
   defining Unicode char U+0453 (decimal 1107)
   defining Unicode char U+0454 (decimal 1108)
   defining Unicode char U+0455 (decimal 1109)
   defining Unicode char U+0456 (decimal 1110)
   defining Unicode char U+0457 (decimal 1111)
   defining Unicode char U+0458 (decimal 1112)
   defining Unicode char U+0459 (decimal 1113)
   defining Unicode char U+045A (decimal 1114)
   defining Unicode char U+045B (decimal 1115)
   defining Unicode char U+045C (decimal 1116)
   defining Unicode char U+045D (decimal 1117)
   defining Unicode char U+045E (decimal 1118)
   defining Unicode char U+045F (decimal 1119)
   defining Unicode char U+0490 (decimal 1168)
   defining Unicode char U+0491 (decimal 1169)
   defining Unicode char U+0492 (decimal 1170)
   defining Unicode char U+0493 (decimal 1171)
   defining Unicode char U+0496 (decimal 1174)
   defining Unicode char U+0497 (decimal 1175)
   defining Unicode char U+0498 (decimal 1176)
   defining Unicode char U+0499 (decimal 1177)
   defining Unicode char U+049A (decimal 1178)
   defining Unicode char U+049B (decimal 1179)
   defining Unicode char U+049C (decimal 1180)
   defining Unicode char U+049D (decimal 1181)
   defining Unicode char U+04A0 (decimal 1184)
   defining Unicode char U+04A1 (decimal 1185)
   defining Unicode char U+04A2 (decimal 1186)
   defining Unicode char U+04A3 (decimal 1187)
   defining Unicode char U+04A4 (decimal 1188)
   defining Unicode char U+04A5 (decimal 1189)
   defining Unicode char U+04AA (decimal 1194)
   defining Unicode char U+04AB (decimal 1195)
   defining Unicode char U+04AE (decimal 1198)
   defining Unicode char U+04AF (decimal 1199)
   defining Unicode char U+04B0 (decimal 1200)
   defining Unicode char U+04B1 (decimal 1201)
   defining Unicode char U+04B2 (decimal 1202)
   defining Unicode char U+04B3 (decimal 1203)
   defining Unicode char U+04B6 (decimal 1206)
   defining Unicode char U+04B7 (decimal 1207)
   defining Unicode char U+04B8 (decimal 1208)
   defining Unicode char U+04B9 (decimal 1209)
   defining Unicode char U+04BA (decimal 1210)
   defining Unicode char U+04BB (decimal 1211)
   defining Unicode char U+04C0 (decimal 1216)
   defining Unicode char U+04C1 (decimal 1217)
   defining Unicode char U+04C2 (decimal 1218)
   defining Unicode char U+04D0 (decimal 1232)
   defining Unicode char U+04D1 (decimal 1233)
   defining Unicode char U+04D2 (decimal 1234)
   defining Unicode char U+04D3 (decimal 1235)
   defining Unicode char U+04D4 (decimal 1236)
   defining Unicode char U+04D5 (decimal 1237)
   defining Unicode char U+04D6 (decimal 1238)
   defining Unicode char U+04D7 (decimal 1239)
   defining Unicode char U+04D8 (decimal 1240)
   defining Unicode char U+04D9 (decimal 1241)
   defining Unicode char U+04DA (decimal 1242)
   defining Unicode char U+04DB (decimal 1243)
   defining Unicode char U+04DC (decimal 1244)
   defining Unicode char U+04DD (decimal 1245)
   defining Unicode char U+04DE (decimal 1246)
   defining Unicode char U+04DF (decimal 1247)
   defining Unicode char U+04E2 (decimal 1250)
   defining Unicode char U+04E3 (decimal 1251)
   defining Unicode char U+04E4 (decimal 1252)
   defining Unicode char U+04E5 (decimal 1253)
   defining Unicode char U+04E6 (decimal 1254)
   defining Unicode char U+04E7 (decimal 1255)
   defining Unicode char U+04E8 (decimal 1256)
   defining Unicode char U+04E9 (decimal 1257)
   defining Unicode char U+04EC (decimal 1260)
   defining Unicode char U+04ED (decimal 1261)
   defining Unicode char U+04EE (decimal 1262)
   defining Unicode char U+04EF (decimal 1263)
   defining Unicode char U+04F0 (decimal 1264)
   defining Unicode char U+04F1 (decimal 1265)
   defining Unicode char U+04F2 (decimal 1266)
   defining Unicode char U+04F3 (decimal 1267)
   defining Unicode char U+04F4 (decimal 1268)
   defining Unicode char U+04F5 (decimal 1269)
   defining Unicode char U+04F8 (decimal 1272)
   defining Unicode char U+04F9 (decimal 1273)
   defining Unicode char U+200C (decimal 8204)
   defining Unicode char U+2013 (decimal 8211)
   defining Unicode char U+2014 (decimal 8212)
   defining Unicode char U+2018 (decimal 8216)
   defining Unicode char U+2019 (decimal 8217)
   defining Unicode char U+201C (decimal 8220)
   defining Unicode char U+201D (decimal 8221)
   defining Unicode char U+201E (decimal 8222)
   defining Unicode char U+2030 (decimal 8240)
   defining Unicode char U+2031 (decimal 8241)
   defining Unicode char U+2116 (decimal 8470)
   defining Unicode char U+2329 (decimal 9001)
   defining Unicode char U+232A (decimal 9002)
   defining Unicode char U+2423 (decimal 9251)
))
Package babel Info: Making " an active character on input line 147.
))
(/usr/share/texlive/texmf-dist/tex/latex/graphics/graphicx.sty
Package: graphicx 1999/02/16 v1.0f Enhanced LaTeX Graphics (DPC,SPQR)

(/usr/share/texlive/texmf-dist/tex/latex/graphics/keyval.sty
Package: keyval 1999/03/16 v1.13 key=value parser (DPC)
\KV@toks@=\toks24
)
(/usr/share/texlive/texmf-dist/tex/latex/graphics/graphics.sty
Package: graphics 2009/02/05 v1.0o Standard LaTeX Graphics (DPC,SPQR)

(/usr/share/texlive/texmf-dist/tex/latex/graphics/trig.sty
Package: trig 1999/03/16 v1.09 sin cos tan (DPC)
)
(/usr/share/texlive/texmf-dist/tex/latex/latexconfig/graphics.cfg
File: graphics.cfg 2010/04/23 v1.9 graphics configuration of TeX Live
)
Package graphics Info: Driver file: pdftex.def on input line 91.
)
\Gin@req@height=\dimen113
\Gin@req@width=\dimen114
)
(/usr/share/texlive/texmf-dist/tex/latex/cmap/cmap.sty
Package: cmap 2008/03/06 v1.0h CMap support: searchable PDF


Package cmap Warning: fontenc already loaded - some fonts may be unprocessed.

) (./arch_search_review.aux
LaTeX Font Info:    Try loading font information for T2A+cmr on input line 8.

(/usr/share/texlive/texmf-dist/tex/latex/cyrillic/t2acmr.fd
File: t2acmr.fd 2001/08/11 v1.0a Computer Modern Cyrillic font definitions
)<<t2a.cmap>>

LaTeX Warning: Label `eq:main' multiply defined.

)
\openout1 = `arch_search_review.aux'.

LaTeX Font Info:    Checking defaults for OML/cmm/m/it on input line 13.
LaTeX Font Info:    ... okay on input line 13.
LaTeX Font Info:    Checking defaults for T1/cmr/m/n on input line 13.
LaTeX Font Info:    ... okay on input line 13.
LaTeX Font Info:    Checking defaults for OT1/cmr/m/n on input line 13.
LaTeX Font Info:    ... okay on input line 13.
LaTeX Font Info:    Checking defaults for OMS/cmsy/m/n on input line 13.
LaTeX Font Info:    ... okay on input line 13.
LaTeX Font Info:    Checking defaults for OMX/cmex/m/n on input line 13.
LaTeX Font Info:    ... okay on input line 13.
LaTeX Font Info:    Checking defaults for U/cmr/m/n on input line 13.
LaTeX Font Info:    ... okay on input line 13.
LaTeX Font Info:    Checking defaults for T2A/cmr/m/n on input line 13.
LaTeX Font Info:    ... okay on input line 13.
 (/usr/share/texlive/texmf-dist/tex/context/base/supp-pdf.mkii
[Loading MPS to PDF converter (version 2006.09.02).]
\scratchcounter=\count102
\scratchdimen=\dimen115
\scratchbox=\box30
\nofMPsegments=\count103
\nofMParguments=\count104
\everyMPshowfont=\toks25
\MPscratchCnt=\count105
\MPscratchDim=\dimen116
\MPnumerator=\count106
\makeMPintoPDFobject=\count107
\everyMPtoPDFconversion=\toks26
) (/usr/share/texlive/texmf-dist/tex/generic/oberdiek/pdftexcmds.sty
Package: pdftexcmds 2011/11/29 v0.20 Utility functions of pdfTeX for LuaTeX (HO
)

(/usr/share/texlive/texmf-dist/tex/generic/oberdiek/ifluatex.sty
Package: ifluatex 2010/03/01 v1.3 Provides the ifluatex switch (HO)
Package ifluatex Info: LuaTeX not detected.
)
(/usr/share/texlive/texmf-dist/tex/generic/oberdiek/ifpdf.sty
Package: ifpdf 2011/01/30 v2.3 Provides the ifpdf switch (HO)
Package ifpdf Info: pdfTeX in PDF mode is detected.
)
Package pdftexcmds Info: LuaTeX not detected.
Package pdftexcmds Info: \pdf@primitive is available.
Package pdftexcmds Info: \pdf@ifprimitive is available.
Package pdftexcmds Info: \pdfdraftmode found.
)
(/usr/share/texlive/texmf-dist/tex/latex/oberdiek/epstopdf-base.sty
Package: epstopdf-base 2010/02/09 v2.5 Base part for package epstopdf

(/usr/share/texlive/texmf-dist/tex/latex/oberdiek/grfext.sty
Package: grfext 2010/08/19 v1.1 Manage graphics extensions (HO)

(/usr/share/texlive/texmf-dist/tex/generic/oberdiek/kvdefinekeys.sty
Package: kvdefinekeys 2011/04/07 v1.3 Define keys (HO)
))
(/usr/share/texlive/texmf-dist/tex/latex/oberdiek/kvoptions.sty
Package: kvoptions 2011/06/30 v3.11 Key value format for package options (HO)

(/usr/share/texlive/texmf-dist/tex/generic/oberdiek/kvsetkeys.sty
Package: kvsetkeys 2012/04/25 v1.16 Key value parser (HO)

(/usr/share/texlive/texmf-dist/tex/generic/oberdiek/etexcmds.sty
Package: etexcmds 2011/02/16 v1.5 Avoid name clashes with e-TeX commands (HO)
Package etexcmds Info: Could not find \expanded.
(etexcmds)             That can mean that you are not using pdfTeX 1.50 or
(etexcmds)             that some package has redefined \expanded.
(etexcmds)             In the latter case, load this package earlier.
)))
Package grfext Info: Graphics extension search list:
(grfext)             [.png,.pdf,.jpg,.mps,.jpeg,.jbig2,.jb2,.PNG,.PDF,.JPG,.JPE
G,.JBIG2,.JB2,.eps]
(grfext)             \AppendGraphicsExtensions on input line 452.

(/usr/share/texlive/texmf-dist/tex/latex/latexconfig/epstopdf-sys.cfg
File: epstopdf-sys.cfg 2010/07/13 v1.3 Configuration of (r)epstopdf for TeX Liv
e
))

LaTeX Warning: Citation `vokov' on page 1 undefined on input line 22.

[1

{/var/lib/texmf/fonts/map/pdftex/updmap/pdftex.map}]<<ot1.cmap>><<oml.cmap>><<o
ms.cmap>><<omx.cmap>>
LaTeX Font Info:    Try loading font information for U+msa on input line 37.

(/usr/share/texlive/texmf-dist/tex/latex/amsfonts/umsa.fd
File: umsa.fd 2013/01/14 v3.01 AMS symbols A
)
LaTeX Font Info:    Try loading font information for U+msb on input line 37.

(/usr/share/texlive/texmf-dist/tex/latex/amsfonts/umsb.fd
File: umsb.fd 2013/01/14 v3.01 AMS symbols B
)
LaTeX Font Info:    Try loading font information for U+euf on input line 37.

(/usr/share/texlive/texmf-dist/tex/latex/amsfonts/ueuf.fd
File: ueuf.fd 2013/01/14 v3.01 Euler Fraktur
)
Underfull \hbox (badness 10000) in paragraph at lines 43--45

 []


Overfull \hbox (1.86452pt too wide) in paragraph at lines 48--49
[]\T2A/cmr/m/n/10 Будем по-ла-гать, что мно-же-ство рас-смат-ри-ва-е-мых мо-де-
лей за-да-ет-ся неко-
 []


Overfull \hbox (0.53893pt too wide) in paragraph at lines 59--60
 \T2A/cmr/bx/n/10 Опре-де-ле-ние [] \T2A/cmr/m/n/10 На-зо-вем опе-ра-то-ром оп-
ти-ми-за-ции ал-го-ритм $\OML/cmm/m/it/10 T$ \T2A/cmr/m/n/10 вы-бо-ра век-
 []

[2] <./arch_review_figs/mub.png, id=29, 557.08125pt x 109.40875pt>
File: ./arch_review_figs/mub.png Graphic file (type png)

<use ./arch_review_figs/mub.png>
Package pdftex.def Info: ./arch_review_figs/mub.png used on input line 97.
(pdftex.def)             Requested size: 345.0pt x 67.75758pt.

<./arch_review_figs/search_space.png, id=30, 342.27875pt x 148.555pt>
File: ./arch_review_figs/search_space.png Graphic file (type png)

<use ./arch_review_figs/search_space.png>
Package pdftex.def Info: ./arch_review_figs/search_space.png used on input line
 102.
(pdftex.def)             Requested size: 345.0pt x 149.74693pt.
 [3 <./arch_review_figs/mub.png>]
<./arch_review_figs/self_rnn.png, id=36, 547.04375pt x 340.27126pt>
File: ./arch_review_figs/self_rnn.png Graphic file (type png)

<use ./arch_review_figs/self_rnn.png>
Package pdftex.def Info: ./arch_review_figs/self_rnn.png used on input line 108
.
(pdftex.def)             Requested size: 345.0pt x 214.60046pt.

<./arch_review_figs/meta_sgd.png, id=37, 635.37375pt x 202.7575pt>
File: ./arch_review_figs/meta_sgd.png Graphic file (type png)

<use ./arch_review_figs/meta_sgd.png>
Package pdftex.def Info: ./arch_review_figs/meta_sgd.png used on input line 114
.
(pdftex.def)             Requested size: 345.0pt x 110.0969pt.
 [4 <./arch_review_figs/search_space.png> <./arch_review_figs/self_rnn.png>]
<./arch_review_figs/l2l.png, id=41, 701.62125pt x 97.36375pt>
File: ./arch_review_figs/l2l.png Graphic file (type png)

<use ./arch_review_figs/l2l.png>
Package pdftex.def Info: ./arch_review_figs/l2l.png used on input line 119.
(pdftex.def)             Requested size: 345.0pt x 47.87651pt.

<./arch_review_figs/l2l_scheme.png, id=42, 437.635pt x 195.73125pt>
File: ./arch_review_figs/l2l_scheme.png Graphic file (type png)

<use ./arch_review_figs/l2l_scheme.png>
Package pdftex.def Info: ./arch_review_figs/l2l_scheme.png used on input line 1
23.
(pdftex.def)             Requested size: 345.0pt x 154.30342pt.

<./arch_review_figs/l2lbygd.png, id=43, 443.6575pt x 234.8775pt>
File: ./arch_review_figs/l2lbygd.png Graphic file (type png)

<use ./arch_review_figs/l2lbygd.png>
Package pdftex.def Info: ./arch_review_figs/l2lbygd.png used on input line 128.

(pdftex.def)             Requested size: 345.0pt x 182.6446pt.
 [5 <./arch_review_figs/meta_sgd.png> <./arch_review_figs/l2l.png> <./arch_revi
ew_figs/l2l_scheme.png>]
<./arch_review_figs/reinf.png, id=47, 717.68124pt x 328.22626pt>
File: ./arch_review_figs/reinf.png Graphic file (type png)

<use ./arch_review_figs/reinf.png>
Package pdftex.def Info: ./arch_review_figs/reinf.png used on input line 144.
(pdftex.def)             Requested size: 345.0pt x 157.7872pt.
 [6 <./arch_review_figs/l2lbygd.png>]
<./arch_review_figs/reinf2.png, id=51, 1180.41pt x 399.4925pt>
File: ./arch_review_figs/reinf2.png Graphic file (type png)

<use ./arch_review_figs/reinf2.png>
Package pdftex.def Info: ./arch_review_figs/reinf2.png used on input line 149.
(pdftex.def)             Requested size: 345.0pt x 116.75812pt.
LaTeX Font Info:    Try loading font information for OMS+cmr on input line 154.


(/usr/share/texlive/texmf-dist/tex/latex/base/omscmr.fd
File: omscmr.fd 1999/05/25 v2.5h Standard LaTeX font definitions
)
LaTeX Font Info:    Font shape `OMS/cmr/m/n' in size <10> not available
(Font)              Font shape `OMS/cmsy/m/n' tried instead on input line 154.

<./arch_review_figs/deep2net.png, id=52, 591.20876pt x 324.21124pt>
File: ./arch_review_figs/deep2net.png Graphic file (type png)

<use ./arch_review_figs/deep2net.png>
Package pdftex.def Info: ./arch_review_figs/deep2net.png used on input line 159
.
(pdftex.def)             Requested size: 345.0pt x 189.19531pt.
 [7 <./arch_review_figs/reinf.png> <./arch_review_figs/reinf2.png>]
<./arch_review_figs/obd.png, id=57, 538.01pt x 64.24pt>
File: ./arch_review_figs/obd.png Graphic file (type png)

<use ./arch_review_figs/obd.png>
Package pdftex.def Info: ./arch_review_figs/obd.png used on input line 170.
(pdftex.def)             Requested size: 345.0pt x 41.19383pt.

<./arch_review_figs/nips_var.png, id=58, 399.4925pt x 104.39pt>
File: ./arch_review_figs/nips_var.png Graphic file (type png)

<use ./arch_review_figs/nips_var.png>
Package pdftex.def Info: ./arch_review_figs/nips_var.png used on input line 176
.
(pdftex.def)             Requested size: 345.0pt x 90.15433pt.
 [8 <./arch_review_figs/deep2net.png> <./arch_review_figs/obd.png>]
<./arch_review_figs/bayes_compr_group.png, id=62, 368.37625pt x 82.3075pt>
File: ./arch_review_figs/bayes_compr_group.png Graphic file (type png)

<use ./arch_review_figs/bayes_compr_group.png>
Package pdftex.def Info: ./arch_review_figs/bayes_compr_group.png used on input
 line 182.
(pdftex.def)             Requested size: 345.0pt x 77.08395pt.

<./arch_review_figs/bayes_compr_cauchy.png, id=63, 707.64375pt x 51.19125pt>
File: ./arch_review_figs/bayes_compr_cauchy.png Graphic file (type png)

<use ./arch_review_figs/bayes_compr_cauchy.png>
Package pdftex.def Info: ./arch_review_figs/bayes_compr_cauchy.png used on inpu
t line 186.
(pdftex.def)             Requested size: 345.0pt x 24.95738pt.

Overfull \hbox (2.42462pt too wide) in paragraph at lines 184--187
[]\T2A/cmr/m/n/10 Произвденеие двух по-ло-вин-ных рас-пре-де-ле-ний Ко-ши: од-н
о от-вет-ствен-
 []


LaTeX Warning: Citation `adanet' on page 9 undefined on input line 196.

[9 <./arch_review_figs/nips_var.png> <./arch_review_figs/bayes_compr_group.png>
 <./arch_review_figs/bayes_compr_cauchy.png>]

LaTeX Warning: Citation `adanet' on page 10 undefined on input line 201.

<./arch_review_figs/adanet.png, id=67, 313.17pt x 228.855pt>
File: ./arch_review_figs/adanet.png Graphic file (type png)

<use ./arch_review_figs/adanet.png>
Package pdftex.def Info: ./arch_review_figs/adanet.png used on input line 205.
(pdftex.def)             Requested size: 172.5pt x 126.06268pt.

<./arch_review_figs/rad.png, id=68, 419.5675pt x 143.53625pt>
File: ./arch_review_figs/rad.png Graphic file (type png)

<use ./arch_review_figs/rad.png>
Package pdftex.def Info: ./arch_review_figs/rad.png used on input line 209.
(pdftex.def)             Requested size: 172.5pt x 59.0123pt.

<./arch_review_figs/ard.png, id=69, 373.395pt x 290.08376pt>
File: ./arch_review_figs/ard.png Graphic file (type png)

<use ./arch_review_figs/ard.png>
Package pdftex.def Info: ./arch_review_figs/ard.png used on input line 220.
(pdftex.def)             Requested size: 172.5pt x 134.01114pt.
 [10 <./arch_review_figs/adanet.png> <./arch_review_figs/rad.png>] <./arch_revi
ew_figs/arc.png, id=73, 566.115pt x 345.29pt>
File: ./arch_review_figs/arc.png Graphic file (type png)

<use ./arch_review_figs/arc.png>
Package pdftex.def Info: ./arch_review_figs/arc.png used on input line 238.
(pdftex.def)             Requested size: 172.5pt x 105.21054pt.
 [11 <./arch_review_figs/ard.png>]
<./arch_review_figs/cib_eq.png, id=77, 688.5725pt x 63.23625pt>
File: ./arch_review_figs/cib_eq.png Graphic file (type png)

<use ./arch_review_figs/cib_eq.png>
Package pdftex.def Info: ./arch_review_figs/cib_eq.png used on input line 246.
(pdftex.def)             Requested size: 172.5pt x 15.84183pt.

<./arch_review_figs/cib.png, id=78, 797.98125pt x 478.78876pt>
File: ./arch_review_figs/cib.png Graphic file (type png)

<use ./arch_review_figs/cib.png>
Package pdftex.def Info: ./arch_review_figs/cib.png used on input line 249.
(pdftex.def)             Requested size: 172.5pt x 103.5001pt.

<./arch_review_figs/cib_simple.png, id=79, 437.635pt x 80.3pt>
File: ./arch_review_figs/cib_simple.png Graphic file (type png)

<use ./arch_review_figs/cib_simple.png>
Package pdftex.def Info: ./arch_review_figs/cib_simple.png used on input line 2
54.
(pdftex.def)             Requested size: 172.5pt x 31.65137pt.
 [12 <./arch_review_figs/arc.png> <./arch_review_figs/cib_eq.png> <./arch_revie
w_figs/cib.png> <./arch_review_figs/cib_simple.png>]
<./arch_review_figs/jaakkola.png, id=83, 332.24126pt x 331.2375pt>
File: ./arch_review_figs/jaakkola.png Graphic file (type png)

<use ./arch_review_figs/jaakkola.png>
Package pdftex.def Info: ./arch_review_figs/jaakkola.png used on input line 280
.
(pdftex.def)             Requested size: 172.5pt x 171.98166pt.
 [13 <./arch_review_figs/jaakkola.png>]

LaTeX Warning: Citation `nn_inc' on page 14 undefined on input line 291.

<./arch_review_figs/supernets.png, id=88, 741.77126pt x 451.6875pt>
File: ./arch_review_figs/supernets.png Graphic file (type png)

<use ./arch_review_figs/supernets.png>
Package pdftex.def Info: ./arch_review_figs/supernets.png used on input line 31
1.
(pdftex.def)             Requested size: 172.5pt x 105.03693pt.
 [14] (./arch_search_review.bbl
Underfull \hbox (badness 6792) in paragraph at lines 12--19
[]\T2A/cmr/m/n/10 Scalable Bayesian Optimization Using Deep Neural Networks /
 []


Underfull \hbox (badness 1107) in paragraph at lines 12--19
\T2A/cmr/m/n/10 ---  Lille, France: PMLR, 2015. --- 07--09 Jul. ---  Pp. 2171--
2180.
 []


Underfull \hbox (badness 3568) in paragraph at lines 22--26
[]\T2A/cmr/m/n/10 Hyperparameter optimization of deep neural networks using non
-
 []


Underfull \hbox (badness 1097) in paragraph at lines 22--26
\T2A/cmr/m/n/10 probabilistic RBF surrogate model / Ilija Ilievski, Taimoor Akh
tar,
 []


Underfull \hbox (badness 10000) in paragraph at lines 22--26
\T2A/cmr/m/n/10 Jiashi Feng, Christine Annette Shoemaker // \T2A/cmr/m/it/10 ar
Xiv preprint
 []


Underfull \hbox (badness 1852) in paragraph at lines 29--34
[]\T2A/cmr/m/it/10 Snoek Jasper, Larochelle Hugo, Adams Ryan P\T2A/cmr/m/n/10 .
 Practical bayesian
 []


Underfull \hbox (badness 1286) in paragraph at lines 29--34
\T2A/cmr/m/n/10 optimization of machine learning algorithms // Advances in neur
al
 []

[15 <./arch_review_figs/supernets.png>]
Underfull \hbox (badness 7613) in paragraph at lines 89--94
[]\T2A/cmr/m/n/10 Learning to learn by gradient descent by gradient descent /
 []


Underfull \hbox (badness 1953) in paragraph at lines 97--100
[]\T2A/cmr/m/n/10 Progressive neural architecture search / Chenxi Liu, Barret Z
oph,
 []


Underfull \hbox (badness 1769) in paragraph at lines 123--127
[]\T2A/cmr/m/n/10 Learning transferable architectures for scalable image recogn
ition /
 []

[16]
Underfull \hbox (badness 3019) in paragraph at lines 200--204
[]\T2A/cmr/m/n/10 Learning deep resnet blocks sequentially using boosting theor
y /
 []


Underfull \hbox (badness 3977) in paragraph at lines 207--214
[]\T2A/cmr/m/it/10 Maclaurin Dougal, Duvenaud David, Adams Ryan\T2A/cmr/m/n/10 
. Gradient-based
 []


Underfull \hbox (badness 10000) in paragraph at lines 207--214
\T2A/cmr/m/n/10 Hyperparameter Optimization through Reversible Learning //
 []


Underfull \hbox (badness 10000) in paragraph at lines 207--214
\T2A/cmr/m/n/10 Proceedings of the 32nd International Conference on Machine
 []


Underfull \hbox (badness 2452) in paragraph at lines 207--214
\T2A/cmr/m/n/10 Workshop and Conference Proceedings, 2015. ---  Pp. 2113--2122.

 []


Underfull \hbox (badness 10000) in paragraph at lines 237--242
[]\T2A/cmr/m/n/10 Bayesian Optimization with Tree-structured Dependencies /
 []


Underfull \hbox (badness 10000) in paragraph at lines 237--242
\T2A/cmr/m/n/10 Rodolphe Jenatton, Cedric Archambeau, Javier Gonz^^Aalez,
 []


Underfull \hbox (badness 1852) in paragraph at lines 237--242
\T2A/cmr/m/n/10 Matthias Seeger // International Conference on Machine Learning
.
 []

[17]
Underfull \hbox (badness 3058) in paragraph at lines 245--249
\T2A/cmr/m/n/10 Graph-Induced Kernels / Dhanesh Ramachandram, Michal Lisicki,
 []


Underfull \hbox (badness 1675) in paragraph at lines 252--256
[]\T2A/cmr/m/n/10 Raiders of the lost architecture: Kernels for Bayesian optimi
zation
 []


Underfull \hbox (badness 1648) in paragraph at lines 259--264
\T2A/cmr/m/n/10 of deep sparse graphical models // Proceedings of the Thirteent
h
 []


Underfull \hbox (badness 10000) in paragraph at lines 275--279
[]\T2A/cmr/m/it/10 Shirakawa Shinichi, Iwata Yasushi, Akimoto Youhei\T2A/cmr/m/
n/10 . Dynamic
 []


Underfull \hbox (badness 10000) in paragraph at lines 275--279
\T2A/cmr/m/n/10 Optimization of Neural Network Structures Using Probabilistic
 []


Underfull \hbox (badness 10000) in paragraph at lines 282--289
[]\T2A/cmr/m/n/10 Semi-supervised Learning with Deep Generative Models /
 []


Underfull \hbox (badness 5175) in paragraph at lines 282--289
\T2A/cmr/m/n/10 Diederik P Kingma, Shakir Mohamed, Danilo Jimenez Rezende,
 []


Underfull \hbox (badness 3930) in paragraph at lines 292--297
[]\T2A/cmr/m/n/10 Composing graphical models with neural networks for structure
d
 []


Underfull \hbox (badness 2035) in paragraph at lines 306--311
\T2A/cmr/m/n/10 variational autoencoder for semi-supervised learning // 2017 IE
EE
 []


Underfull \hbox (badness 10000) in paragraph at lines 321--326
[]\T2A/cmr/m/n/10 Learning Bayesian network structure using LP relaxations /
 []


Underfull \hbox (badness 1424) in paragraph at lines 321--326
\T2A/cmr/m/n/10 Tommi Jaakkola, David Sontag, Amir Globerson, Marina Meila //
 []


Underfull \hbox (badness 1122) in paragraph at lines 321--326
\T2A/cmr/m/n/10 Proceedings of the Thirteenth International Conference on Artif
icial
 []

[18]
Underfull \hbox (badness 2221) in paragraph at lines 342--347
\T2A/cmr/m/n/10 inference via early exiting from deep neural networks // Patter
n
 []


Underfull \hbox (badness 1237) in paragraph at lines 357--361
[]\T2A/cmr/m/it/10 Kristiansen Gus, Gonzalvo Xavi\T2A/cmr/m/n/10 . EnergyNet: E
nergy-based Adaptive
 []

) [19] (./arch_search_review.aux)

LaTeX Warning: There were undefined references.


LaTeX Warning: There were multiply-defined labels.

 ) 
Here is how much of TeX's memory you used:
 3823 strings out of 494515
 49562 string characters out of 6173719
 109771 words of memory out of 5000000
 6899 multiletter control sequences out of 15000+600000
 14273 words of font info for 37 fonts, out of 8000000 for 9000
 430 hyphenation exceptions out of 8191
 37i,7n,24p,1016b,293s stack positions out of 5000i,500n,10000p,200000b,80000s
 </home/legin/.texmf-var/fonts/pk/ljfour/lh/lh-t2a/larm0900.600pk> </home/leg
in/.texmf-var/fonts/pk/ljfour/lh/lh-t2a/labx1200.600pk> </home/legin/.texmf-var
/fonts/pk/ljfour/lh/lh-t2a/lati1000.600pk> </home/legin/.texmf-var/fonts/pk/ljf
our/lh/lh-t2a/labx1000.600pk> </home/legin/.texmf-var/fonts/pk/ljfour/lh/lh-t2a
/larm1000.600pk> </home/legin/.texmf-var/fonts/pk/ljfour/lh/lh-t2a/labx1440.600
pk></usr/share/texlive/texmf-dist/fonts/type1/public/amsfonts/cm/cmbx10.pfb></u
sr/share/texlive/texmf-dist/fonts/type1/public/amsfonts/cm/cmbx7.pfb></usr/shar
e/texlive/texmf-dist/fonts/type1/public/amsfonts/cm/cmmi10.pfb></usr/share/texl
ive/texmf-dist/fonts/type1/public/amsfonts/cm/cmmi7.pfb></usr/share/texlive/tex
mf-dist/fonts/type1/public/amsfonts/cm/cmr10.pfb></usr/share/texlive/texmf-dist
/fonts/type1/public/amsfonts/cm/cmr7.pfb></usr/share/texlive/texmf-dist/fonts/t
ype1/public/amsfonts/cm/cmsy10.pfb></usr/share/texlive/texmf-dist/fonts/type1/p
ublic/amsfonts/cm/cmsy5.pfb></usr/share/texlive/texmf-dist/fonts/type1/public/a
msfonts/cm/cmsy7.pfb></usr/share/texlive/texmf-dist/fonts/type1/public/amsfonts
/euler/eufm10.pfb></usr/share/texlive/texmf-dist/fonts/type1/public/amsfonts/eu
ler/eufm7.pfb></usr/share/texlive/texmf-dist/fonts/type1/public/amsfonts/symbol
s/msbm10.pfb>
Output written on arch_search_review.pdf (19 pages, 768441 bytes).
PDF statistics:
 534 PDF objects out of 1000 (max. 8388607)
 104 compressed objects within 2 object streams
 0 named destinations out of 1000 (max. 500000)
 136 words of extra memory for PDF output out of 10000 (max. 10000000)

